<?xml version='1.0' encoding='UTF-8'?>
<testsuite hostname="?" name="a_lists.P07Test" tests="2" errors="0" failures="0" skipped="0" time="0.152" timestamp="2020-04-07T21:47:17">
                     <properties>
[...]
</properties>
                     <testcase classname="a_lists.P07Test" name="P07 flatten a nested list should flatten all nested levels with 'roll your own' method" time="0.147">
                                                 
                                               </testcase><testcase classname="a_lists.P07Test" name="P07 flatten a nested list should flatten all nested levels with builtin method" time="0.005">
                                                 
                                               </testcase>
                     <system-out><![CDATA[]]></system-out>
                     <system-err><![CDATA[]]></system-err>
                   </testsuite>